<?xml version="1.0" encoding="UTF-8"?>
<coverage generated="1641932802872" clover="3.2.0">
  <project timestamp="1641932802872" name="All files">
    <metrics statements="9" coveredstatements="5" conditionals="1" coveredconditionals="1" methods="2" coveredmethods="1" elements="12" coveredelements="7" complexity="0" loc="9" ncloc="9" packages="1" files="1" classes="1"/>
    <file name="index.js" path="/home/segge/www/platform/custom/apps/localappdev/server/src/http/routes/confirm/index.js">
      <metrics statements="9" coveredstatements="5" conditionals="1" coveredconditionals="1" methods="2" coveredmethods="1"/>
      <line num="1" count="1" type="cond" truecount="1" falsecount="0"/>
      <line num="2" count="1" type="stmt"/>
      <line num="3" count="1" type="stmt"/>
      <line num="4" count="1" type="stmt"/>
      <line num="5" count="1" type="stmt"/>
      <line num="6" count="0" type="stmt"/>
      <line num="7" count="0" type="stmt"/>
      <line num="8" count="0" type="stmt"/>
      <line num="9" count="0" type="stmt"/>
    </file>
  </project>
</coverage>
